!SESSION 2013-07-19 21:47:02.250 -----------------------------------------------
eclipse.buildId=M20130204-1200
java.version=1.6.0_45
java.vendor=Apple Inc.
BootLoader constants: OS=macosx, ARCH=x86, WS=cocoa, NL=en_US
Framework arguments:  -product org.eclipse.epp.package.java.product -keyring /Users/simon/.eclipse_keyring -showlocation
Command-line arguments:  -os macosx -ws cocoa -arch x86 -product org.eclipse.epp.package.java.product -keyring /Users/simon/.eclipse_keyring -showlocation

!ENTRY org.eclipse.core.net 1 0 2013-07-19 21:47:35.175
!MESSAGE System property http.nonProxyHosts has been set to local|*.local|169.254/16|*.169.254/16 by an external source. This value will be overwritten using the values from the preferences

!ENTRY org.eclipse.egit.ui 2 0 2013-07-19 21:48:13.199
!MESSAGE Warning: EGit couldn't detect the installation path "gitPrefix" of native Git. Hence EGit can't respect system level
Git settings which might be configured in ${gitPrefix}/etc/gitconfig under the native Git installation directory.
The most important of these settings is core.autocrlf. Git for Windows by default sets this parameter to true in
this system level configuration. The Git installation location can be configured on the
Team > Git > Configuration preference page's 'System Settings' tab.
This warning can be switched off on the Team > Git > Confirmations and Warnings preference page.

!ENTRY org.eclipse.m2e.logback.appender 4 0 2013-07-19 21:53:07.054
!MESSAGE Failed to open search index.

!ENTRY org.eclipse.jface 2 0 2013-07-20 21:37:33.825
!MESSAGE Keybinding conflicts occurred.  They may interfere with normal accelerator operation.
!SUBENTRY 1 org.eclipse.jface 2 0 2013-07-20 21:37:33.826
!MESSAGE A conflict occurred for ALT+ARROW_DOWN:
Binding(ALT+ARROW_DOWN,
	ParameterizedCommand(Command(org.eclipse.mylyn.tasks.ui.command.goToNextUnread,Go To Next Unread Task,
		,
		Category(org.eclipse.ui.category.navigate,Navigate,null,true),
		org.eclipse.ui.internal.MakeHandlersGo@1071537,
		,,true),null),
	org.eclipse.ui.defaultAcceleratorConfiguration,
	org.eclipse.mylyn.tasks.ui.views.tasks,,,system)
Binding(ALT+ARROW_DOWN,
	ParameterizedCommand(Command(org.eclipse.ui.edit.text.moveLineDown,Move Lines Down,
		Moves the selected lines down,
		Category(org.eclipse.ui.category.textEditor,Text Editing,Text Editing Commands,true),
		org.eclipse.ui.internal.MakeHandlersGo@a3f5ea,
		,,true),null),
	org.eclipse.ui.defaultAcceleratorConfiguration,
	org.eclipse.ui.textEditorScope,,,system)
!SUBENTRY 1 org.eclipse.jface 2 0 2013-07-20 21:37:33.826
!MESSAGE A conflict occurred for INSERT:
Binding(INSERT,
	ParameterizedCommand(Command(org.eclipse.mylyn.tasks.ui.command.new.local.task,New Local Task,
		,
		Category(org.eclipse.mylyn.tasks.ui.commands,Task Repositories,null,true),
		org.eclipse.ui.internal.MakeHandlersGo@65fae8,
		,,true),null),
	org.eclipse.ui.defaultAcceleratorConfiguration,
	org.eclipse.mylyn.tasks.ui.views.tasks,,,system)
Binding(INSERT,
	ParameterizedCommand(Command(org.eclipse.ui.edit.text.toggleOverwrite,Toggle Overwrite,
		Toggle overwrite mode,
		Category(org.eclipse.ui.category.textEditor,Text Editing,Text Editing Commands,true),
		org.eclipse.ui.internal.MakeHandlersGo@13b9799,
		,,true),null),
	org.eclipse.ui.defaultAcceleratorConfiguration,
	org.eclipse.ui.textEditorScope,,,system)
!SUBENTRY 1 org.eclipse.jface 2 0 2013-07-20 21:37:33.826
!MESSAGE A conflict occurred for ALT+ARROW_UP:
Binding(ALT+ARROW_UP,
	ParameterizedCommand(Command(org.eclipse.mylyn.tasks.ui.command.goToPreviousUnread,Go To Previous Unread Task,
		,
		Category(org.eclipse.ui.category.navigate,Navigate,null,true),
		org.eclipse.ui.internal.MakeHandlersGo@14e8936,
		,,true),null),
	org.eclipse.ui.defaultAcceleratorConfiguration,
	org.eclipse.mylyn.tasks.ui.views.tasks,,,system)
Binding(ALT+ARROW_UP,
	ParameterizedCommand(Command(org.eclipse.ui.edit.text.moveLineUp,Move Lines Up,
		Moves the selected lines up,
		Category(org.eclipse.ui.category.textEditor,Text Editing,Text Editing Commands,true),
		org.eclipse.ui.internal.MakeHandlersGo@15de04a,
		,,true),null),
	org.eclipse.ui.defaultAcceleratorConfiguration,
	org.eclipse.ui.textEditorScope,,,system)
!SESSION 2013-07-24 13:32:51.930 -----------------------------------------------
eclipse.buildId=M20130204-1200
java.version=1.6.0_45
java.vendor=Apple Inc.
BootLoader constants: OS=macosx, ARCH=x86, WS=cocoa, NL=en_US
Framework arguments:  -product org.eclipse.epp.package.java.product -keyring /Users/simon/.eclipse_keyring -showlocation
Command-line arguments:  -os macosx -ws cocoa -arch x86 -product org.eclipse.epp.package.java.product -keyring /Users/simon/.eclipse_keyring -showlocation

!ENTRY org.eclipse.core.resources 2 10035 2013-07-24 13:32:35.982
!MESSAGE The workspace exited with unsaved changes in the previous session; refreshing workspace to recover changes.

!ENTRY org.eclipse.core.net 1 0 2013-07-24 13:32:39.665
!MESSAGE System property http.nonProxyHosts has been set to local|*.local|169.254/16|*.169.254/16 by an external source. This value will be overwritten using the values from the preferences

!ENTRY org.eclipse.egit.ui 2 0 2013-07-24 13:32:45.799
!MESSAGE Warning: EGit couldn't detect the installation path "gitPrefix" of native Git. Hence EGit can't respect system level
Git settings which might be configured in ${gitPrefix}/etc/gitconfig under the native Git installation directory.
The most important of these settings is core.autocrlf. Git for Windows by default sets this parameter to true in
this system level configuration. The Git installation location can be configured on the
Team > Git > Configuration preference page's 'System Settings' tab.
This warning can be switched off on the Team > Git > Confirmations and Warnings preference page.
